<?xml version="1.0" encoding="UTF-8"?>
<Site BuildName="(empty)"
	BuildStamp="20250512-0907-Experimental"
	Name="zjkj"
	Generator="ctest-3.16.3"
	CompilerName="/usr/bin/g++"
	CompilerVersion="9.4.0"
	OSName="Linux"
	Hostname="zjkj"
	OSRelease="5.15.0-138-generic"
	OSVersion="#148~20.04.1-Ubuntu SMP Fri Mar 28 14:32:35 UTC 2025"
	OSPlatform="x86_64"
	Is64Bits="1"
	VendorString="GenuineIntel"
	VendorID="Intel Corporation"
	FamilyID="6"
	ModelID="154"
	ProcessorCacheSize="18432"
	NumberOfLogicalCPU="16"
	NumberOfPhysicalCPU="12"
	TotalVirtualMemory="5119"
	TotalPhysicalMemory="15609"
	LogicalProcessorsPerPhysical="1"
	ProcessorClockFrequency="4190.44"
	>
	<Testing>
		<StartDateTime>May 12 22:52 CST</StartDateTime>
		<StartTestTime>1747061568</StartTestTime>
		<TestList/>
		<EndDateTime>May 12 22:52 CST</EndDateTime>
		<EndTestTime>1747061568</EndTestTime>
		<ElapsedMinutes>0</ElapsedMinutes>
	</Testing>
</Site>
