[01m[K/home/zjkj/unitreeGO2_ws/src/base/go2_twist_bridge/src/twist_bridge.cpp:[m[K In member function â€˜[01m[Kvoid TwistBridge::twist_cb(geometry_msgs::msg::Twist_<std::allocator<void> >::SharedPtr)[m[Kâ€™:
[01m[K/home/zjkj/unitreeGO2_ws/src/base/go2_twist_bridge/src/twist_bridge.cpp:33:62:[m[K [01;35m[Kwarning: [m[Kunused parameter â€˜[01m[Ktwist[m[Kâ€™ [[01;35m[K-Wunused-parameter[m[K]
   33 |     void twist_cb([01;35m[Kconst geometry_msgs::msg::Twist::SharedPtr twist[m[K){
      |                   [01;35m[K~~~~~~~~~~~~~~~~~~~~~~~~~~~~~~~~~~~~~~~~~~~^~~~~[m[K
[01m[K/home/zjkj/unitreeGO2_ws/src/base/go2_twist_bridge/src/twist_bridge.cpp:[m[K In function â€˜[01m[Kint main(int, char**)[m[Kâ€™:
[01m[K/home/zjkj/unitreeGO2_ws/src/base/go2_twist_bridge/src/twist_bridge.cpp:45:33:[m[K [01;31m[Kerror: [m[Kâ€˜[01m[KMy_node[m[Kâ€™ was not declared in this scope
   45 |   rclcpp::spin(std::make_shared<[01;31m[KMy_node[m[K>());
      |                                 [01;31m[K^~~~~~~[m[K
[01m[K/home/zjkj/unitreeGO2_ws/src/base/go2_twist_bridge/src/twist_bridge.cpp:45:42:[m[K [01;31m[Kerror: [m[Kno matching function for call to â€˜[01m[Kmake_shared<<expression error> >()[m[Kâ€™
   45 |   rclcpp::spin(std::make_shared<My_node>([01;31m[K)[m[K);
      |                                          [01;31m[K^[m[K
In file included from [01m[K/usr/include/c++/9/memory:81[m[K,
                 from [01m[K/opt/ros/foxy/include/rclcpp/rclcpp.hpp:144[m[K,
                 from [01m[K/home/zjkj/unitreeGO2_ws/src/base/go2_twist_bridge/src/twist_bridge.cpp:12[m[K:
[01m[K/usr/include/c++/9/bits/shared_ptr.h:714:5:[m[K [01;36m[Knote: [m[Kcandidate: â€˜[01m[Ktemplate<class _Tp, class ... _Args> std::shared_ptr<_Tp> std::make_shared(_Args&& ...)[m[Kâ€™
  714 |     [01;36m[Kmake_shared[m[K(_Args&&... __args)
      |     [01;36m[K^~~~~~~~~~~[m[K
[01m[K/usr/include/c++/9/bits/shared_ptr.h:714:5:[m[K [01;36m[Knote: [m[K  template argument deduction/substitution failed:
[01m[K/home/zjkj/unitreeGO2_ws/src/base/go2_twist_bridge/src/twist_bridge.cpp:45:42:[m[K [01;31m[Kerror: [m[Ktemplate argument 1 is invalid
   45 |   rclcpp::spin(std::make_shared<My_node>([01;31m[K)[m[K);
      |                                          [01;31m[K^[m[K
make[2]: *** [CMakeFiles/twist_bridge.dir/build.make:63ï¼šCMakeFiles/twist_bridge.dir/src/twist_bridge.cpp.o] é”™è¯¯ 1
make[1]: *** [CMakeFiles/Makefile2:78ï¼šCMakeFiles/twist_bridge.dir/all] é”™è¯¯ 2
make: *** [Makefile:141ï¼šall] é”™è¯¯ 2
