[0.007s] Invoking command in '/home/zjkj/unitreeGO2_ws/build/go2_twist_bridge': CMAKE_PREFIX_PATH=${CMAKE_PREFIX_PATH}:/home/zjkj/unitreeGO2_ws/install/go2_teleop_ctrl_keyboard:/opt/ros/foxy /usr/bin/cmake --build /home/zjkj/unitreeGO2_ws/build/go2_twist_bridge -- -j16 -l16
[0.041s] [35m[1mScanning dependencies of target twist_bridge[0m
[0.059s] [ 50%] [32mBuilding CXX object CMakeFiles/twist_bridge.dir/src/twist_bridge.cpp.o[0m
[0.804s] [01m[K/home/zjkj/unitreeGO2_ws/src/base/go2_twist_bridge/src/twist_bridge.cpp:[m[K In member function â€˜[01m[Kvoid TwistBridge::twist_cb(geometry_msgs::msg::Twist_<std::allocator<void> >::SharedPtr)[m[Kâ€™:
[0.804s] [01m[K/home/zjkj/unitreeGO2_ws/src/base/go2_twist_bridge/src/twist_bridge.cpp:33:62:[m[K [01;35m[Kwarning: [m[Kunused parameter â€˜[01m[Ktwist[m[Kâ€™ [[01;35m[K-Wunused-parameter[m[K]
[0.804s]    33 |     void twist_cb([01;35m[Kconst geometry_msgs::msg::Twist::SharedPtr twist[m[K){
[0.804s]       |                   [01;35m[K~~~~~~~~~~~~~~~~~~~~~~~~~~~~~~~~~~~~~~~~~~~^~~~~[m[K
[0.805s] [01m[K/home/zjkj/unitreeGO2_ws/src/base/go2_twist_bridge/src/twist_bridge.cpp:[m[K In function â€˜[01m[Kint main(int, char**)[m[Kâ€™:
[0.805s] [01m[K/home/zjkj/unitreeGO2_ws/src/base/go2_twist_bridge/src/twist_bridge.cpp:45:33:[m[K [01;31m[Kerror: [m[Kâ€˜[01m[KMy_node[m[Kâ€™ was not declared in this scope
[0.805s]    45 |   rclcpp::spin(std::make_shared<[01;31m[KMy_node[m[K>());
[0.805s]       |                                 [01;31m[K^~~~~~~[m[K
[0.805s] [01m[K/home/zjkj/unitreeGO2_ws/src/base/go2_twist_bridge/src/twist_bridge.cpp:45:42:[m[K [01;31m[Kerror: [m[Kno matching function for call to â€˜[01m[Kmake_shared<<expression error> >()[m[Kâ€™
[0.805s]    45 |   rclcpp::spin(std::make_shared<My_node>([01;31m[K)[m[K);
[0.805s]       |                                          [01;31m[K^[m[K
[0.805s] In file included from [01m[K/usr/include/c++/9/memory:81[m[K,
[0.805s]                  from [01m[K/opt/ros/foxy/include/rclcpp/rclcpp.hpp:144[m[K,
[0.806s]                  from [01m[K/home/zjkj/unitreeGO2_ws/src/base/go2_twist_bridge/src/twist_bridge.cpp:12[m[K:
[0.806s] [01m[K/usr/include/c++/9/bits/shared_ptr.h:714:5:[m[K [01;36m[Knote: [m[Kcandidate: â€˜[01m[Ktemplate<class _Tp, class ... _Args> std::shared_ptr<_Tp> std::make_shared(_Args&& ...)[m[Kâ€™
[0.806s]   714 |     [01;36m[Kmake_shared[m[K(_Args&&... __args)
[0.806s]       |     [01;36m[K^~~~~~~~~~~[m[K
[0.806s] [01m[K/usr/include/c++/9/bits/shared_ptr.h:714:5:[m[K [01;36m[Knote: [m[K  template argument deduction/substitution failed:
[0.806s] [01m[K/home/zjkj/unitreeGO2_ws/src/base/go2_twist_bridge/src/twist_bridge.cpp:45:42:[m[K [01;31m[Kerror: [m[Ktemplate argument 1 is invalid
[0.806s]    45 |   rclcpp::spin(std::make_shared<My_node>([01;31m[K)[m[K);
[0.806s]       |                                          [01;31m[K^[m[K
[1.636s] make[2]: *** [CMakeFiles/twist_bridge.dir/build.make:63ï¼šCMakeFiles/twist_bridge.dir/src/twist_bridge.cpp.o] é”™è¯¯ 1
[1.636s] make[1]: *** [CMakeFiles/Makefile2:78ï¼šCMakeFiles/twist_bridge.dir/all] é”™è¯¯ 2
[1.636s] make: *** [Makefile:141ï¼šall] é”™è¯¯ 2
[1.638s] Invoked command in '/home/zjkj/unitreeGO2_ws/build/go2_twist_bridge' returned '2': CMAKE_PREFIX_PATH=${CMAKE_PREFIX_PATH}:/home/zjkj/unitreeGO2_ws/install/go2_teleop_ctrl_keyboard:/opt/ros/foxy /usr/bin/cmake --build /home/zjkj/unitreeGO2_ws/build/go2_twist_bridge -- -j16 -l16
