[0.010s] Invoking command in '/home/zjkj/unitreeGO2_ws/build/go2_twist_bridge': CMAKE_PREFIX_PATH=${CMAKE_PREFIX_PATH}:/home/zjkj/unitreeGO2_ws/install/go2_teleop_ctrl_keyboard:/opt/ros/foxy /usr/bin/cmake --build /home/zjkj/unitreeGO2_ws/build/go2_twist_bridge -- -j16 -l16
[0.042s] [35m[1mScanning dependencies of target twist_bridge[0m
[0.064s] [ 50%] [32mBuilding CXX object CMakeFiles/twist_bridge.dir/src/twist_bridge.cpp.o[0m
[0.999s] [01m[K/home/zjkj/unitreeGO2_ws/src/base/go2_twist_bridge/src/twist_bridge.cpp:[m[K In member function â€˜[01m[Kvoid TwistBridge::twist_cb(geometry_msgs::msg::Twist_<std::allocator<void> >::SharedPtr)[m[Kâ€™:
[0.999s] [01m[K/home/zjkj/unitreeGO2_ws/src/base/go2_twist_bridge/src/twist_bridge.cpp:39:21:[m[K [01;31m[Kerror: [m[Kâ€˜[01m[Kusing Request = struct unitree_api::msg::Request_<std::allocator<void> >[m[Kâ€™ {aka â€˜[01m[Kstruct unitree_api::msg::Request_<std::allocator<void> >[m[Kâ€™} has no member named â€˜[01m[Kmode[m[Kâ€™
[0.999s]    39 |         request_msg.[01;31m[Kmode[m[K = 6; // ä¾‹å¦‚ï¼Œè®¾ç½®æ¨¡å¼ä¸ºvel_mode
[0.999s]       |                     [01;31m[K^~~~[m[K
[2.186s] make[2]: *** [CMakeFiles/twist_bridge.dir/build.make:63ï¼šCMakeFiles/twist_bridge.dir/src/twist_bridge.cpp.o] é”™è¯¯ 1
[2.186s] make[1]: *** [CMakeFiles/Makefile2:78ï¼šCMakeFiles/twist_bridge.dir/all] é”™è¯¯ 2
[2.186s] make: *** [Makefile:141ï¼šall] é”™è¯¯ 2
[2.188s] Invoked command in '/home/zjkj/unitreeGO2_ws/build/go2_twist_bridge' returned '2': CMAKE_PREFIX_PATH=${CMAKE_PREFIX_PATH}:/home/zjkj/unitreeGO2_ws/install/go2_teleop_ctrl_keyboard:/opt/ros/foxy /usr/bin/cmake --build /home/zjkj/unitreeGO2_ws/build/go2_twist_bridge -- -j16 -l16
